<?xml version="1.0" encoding="UTF-8"?>
<!-- Generated by org.testng.reporters.JUnitReportReporter -->
<testsuite hostname="Apples-MacBook-Air.local" failures="0" tests="2" name="com.indeed.MyProject.searchTest" time="4.891" errors="0" timestamp="21 Apr 2019 07:59:56 GMT" skipped="0">
  <testcase classname="com.indeed.MyProject.searchTest" name="searchQa" time="3.006"/>
  <testcase classname="com.indeed.MyProject.searchTest" name="searchQa" time="1.885"/>
</testsuite> <!-- com.indeed.MyProject.searchTest -->
