<?xml version="1.0" encoding="UTF-8"?>
<!-- Generated by org.testng.reporters.JUnitReportReporter -->
<testsuite hostname="Apples-MacBook-Air.local" failures="0" tests="5" name="com.amazon.MyProject.amazonTest" time="114.499" errors="0" timestamp="18 Jun 2019 20:27:33 GMT" skipped="0">
  <testcase classname="com.amazon.MyProject.amazonTest" name="verifyUpdateInTotalPrice" time="24.872"/>
  <testcase classname="com.amazon.MyProject.amazonTest" name="verifyAddedProductInCart" time="21.867"/>
  <testcase classname="com.amazon.MyProject.amazonTest" name="verifySearchedProduct" time="18.027"/>
  <testcase classname="com.amazon.MyProject.amazonTest" name="verifyAddingTwoProduct" time="23.852"/>
  <testcase classname="com.amazon.MyProject.amazonTest" name="verifyRemovingProduct" time="25.881"/>
</testsuite> <!-- com.amazon.MyProject.amazonTest -->
