<?xml version="1.0" encoding="UTF-8"?>
<!-- Generated by org.testng.reporters.JUnitReportReporter -->
<testsuite hostname="Apples-MacBook-Air.local" failures="0" tests="4" name="com.amazon.MyProject.amazonTest" time="92.161" errors="0" timestamp="18 Jun 2019 17:41:21 GMT" skipped="0">
  <testcase classname="com.amazon.MyProject.amazonTest" name="verifyAddedProductInCart" time="21.789"/>
  <testcase classname="com.amazon.MyProject.amazonTest" name="verifyAddingTwoProduct" time="22.879"/>
  <testcase classname="com.amazon.MyProject.amazonTest" name="verifyRemovingProduct" time="27.846"/>
  <testcase classname="com.amazon.MyProject.amazonTest" name="verifySearchedProduct" time="19.647"/>
</testsuite> <!-- com.amazon.MyProject.amazonTest -->
