<?xml version="1.0" encoding="UTF-8"?>
<!-- Generated by org.testng.reporters.JUnitReportReporter -->
<testsuite hostname="Apples-MacBook-Air.local" failures="0" tests="4" name="com.amazon.MyProject.amazonTest" time="104.108" errors="0" timestamp="17 Jun 2019 19:25:01 GMT" skipped="0">
  <testcase classname="com.amazon.MyProject.amazonTest" name="verifyAddingTwoProduct" time="27.331"/>
  <testcase classname="com.amazon.MyProject.amazonTest" name="verifyRemovingProduct" time="32.443"/>
  <testcase classname="com.amazon.MyProject.amazonTest" name="verifySearchedProduct" time="20.930"/>
  <testcase classname="com.amazon.MyProject.amazonTest" name="verifyAddedProductInCart" time="23.404"/>
</testsuite> <!-- com.amazon.MyProject.amazonTest -->
