<?xml version="1.0" encoding="UTF-8"?>
<!-- Generated by org.testng.reporters.JUnitReportReporter -->
<testsuite hostname="Apples-MacBook-Air.local" failures="0" tests="4" name="com.amazon.MyProject.amazonTest" time="95.317" errors="0" timestamp="17 Jun 2019 19:29:47 GMT" skipped="0">
  <testcase classname="com.amazon.MyProject.amazonTest" name="verifyAddingTwoProduct" time="23.470"/>
  <testcase classname="com.amazon.MyProject.amazonTest" name="verifyRemovingProduct" time="31.610"/>
  <testcase classname="com.amazon.MyProject.amazonTest" name="verifySearchedProduct" time="18.565"/>
  <testcase classname="com.amazon.MyProject.amazonTest" name="verifyAddedProductInCart" time="21.672"/>
</testsuite> <!-- com.amazon.MyProject.amazonTest -->
