<?xml version="1.0" encoding="UTF-8"?>
<!-- Generated by org.testng.reporters.JUnitReportReporter -->
<testsuite hostname="Apples-MacBook-Air.local" failures="0" tests="1" name="com.amazon.MyProject.amazonTest" time="38.890" errors="0" timestamp="17 Jun 2019 15:37:07 GMT" skipped="0">
  <testcase classname="com.amazon.MyProject.amazonTest" name="verifyRemovingProduct" time="38.890"/>
</testsuite> <!-- com.amazon.MyProject.amazonTest -->
